<?xml version="1.0" encoding="UTF-8"?>
<!-- Generated by org.testng.reporters.JUnitReportReporter -->
<testsuite hostname="EC2AMAZ-S11DBRH" failures="0" tests="1" name="testngsamples.GoogleTest" time="5.124" errors="0" timestamp="2023-10-26T08:37:21 GMT" skipped="0">
  <testcase classname="testngsamples.GoogleTest" name="f" time="5.124"/>
  <system-out/>
</testsuite> <!-- testngsamples.GoogleTest -->
